2022-07-26T09:44:16+00:00 CRITICAL Uncaught Exception: Invalid data: {"data":["Array","Array","Array","Array","Array"],"element":"Array"} in C:\xampp1\htdocs\wordpress\wp-content\plugins\elementor\core\base\document.php:878
Stack trace:
#0 C:\xampp1\htdocs\wordpress\wp-content\plugins\astra-sites\inc\importers\batch-processing\class-astra-sites-batch-processing-elementor.php(122): Elementor\Core\Base\Document->get_elements_raw_data(Array, true)
#1 C:\xampp1\htdocs\wordpress\wp-content\plugins\astra-sites\inc\importers\batch-processing\class-astra-sites-batch-processing-elementor.php(66): Elementor\TemplateLibrary\Astra_Sites_Batch_Processing_Elementor->import_single_post(25224)
#2 C:\xampp1\htdocs\wordpress\wp-content\plugins\astra-sites\inc\importers\batch-processing\helpers\class-wp-background-process-astra.php(41): Elementor\TemplateLibrary\Astra_Sites_Batch_Processing_Elementor->import()
#3 C:\xampp1\htdocs\wordpress\wp-content\plugins\woocommerce\includes\libraries\wp-background-process.php(301): WP_Background_Process_Astra->task(Object(Elementor\TemplateLibrary\Astra_Sites_Batch_Processing_Elementor))
#4 C:\xampp1\htdocs\wordpress\wp-content\plugins\woocommerce\includes\libraries\wp-background-process.php(447): WP_Background_Process->handle()
#5 C:\xampp1\htdocs\wordpress\wp-includes\class-wp-hook.php(307): WP_Background_Process->handle_cron_healthcheck()
#6 C:\xampp1\htdocs\wordpress\wp-includes\class-wp-hook.php(331): WP_Hook->apply_filters('', Array)
#7 C:\xampp1\htdocs\wordpress\wp-includes\plugin.php(524): WP_Hook->do_action(Array)
#8 C:\xampp1\htdocs\wordpress\wp-cron.php(138): do_action_ref_array('wp_image_proces...', Array)
#9 {main}
  thrown dans C:\xampp1\htdocs\wordpress\wp-content\plugins\elementor\core\base\document.php à la ligne 878

2022-07-26T09:47:34+00:00 CRITICAL Uncaught Exception: Invalid data: {"data":["Array","Array","Array","Array","Array"],"element":"Array"} in C:\xampp1\htdocs\wordpress\wp-content\plugins\elementor\core\base\document.php:878
Stack trace:
#0 C:\xampp1\htdocs\wordpress\wp-content\plugins\astra-sites\inc\importers\batch-processing\class-astra-sites-batch-processing-elementor.php(122): Elementor\Core\Base\Document->get_elements_raw_data(Array, true)
#1 C:\xampp1\htdocs\wordpress\wp-content\plugins\astra-sites\inc\importers\batch-processing\class-astra-sites-batch-processing-elementor.php(66): Elementor\TemplateLibrary\Astra_Sites_Batch_Processing_Elementor->import_single_post(25224)
#2 C:\xampp1\htdocs\wordpress\wp-content\plugins\astra-sites\inc\importers\batch-processing\helpers\class-wp-background-process-astra.php(41): Elementor\TemplateLibrary\Astra_Sites_Batch_Processing_Elementor->import()
#3 C:\xampp1\htdocs\wordpress\wp-content\plugins\woocommerce\includes\libraries\wp-background-process.php(301): WP_Background_Process_Astra->task(Object(Elementor\TemplateLibrary\Astra_Sites_Batch_Processing_Elementor))
#4 C:\xampp1\htdocs\wordpress\wp-content\plugins\woocommerce\includes\libraries\wp-background-process.php(447): WP_Background_Process->handle()
#5 C:\xampp1\htdocs\wordpress\wp-includes\class-wp-hook.php(307): WP_Background_Process->handle_cron_healthcheck()
#6 C:\xampp1\htdocs\wordpress\wp-includes\class-wp-hook.php(331): WP_Hook->apply_filters('', Array)
#7 C:\xampp1\htdocs\wordpress\wp-includes\plugin.php(524): WP_Hook->do_action(Array)
#8 C:\xampp1\htdocs\wordpress\wp-cron.php(138): do_action_ref_array('wp_image_proces...', Array)
#9 {main}
  thrown dans C:\xampp1\htdocs\wordpress\wp-content\plugins\elementor\core\base\document.php à la ligne 878

2022-07-26T09:52:36+00:00 CRITICAL Uncaught Exception: Invalid data: {"data":["Array","Array","Array","Array","Array"],"element":"Array"} in C:\xampp1\htdocs\wordpress\wp-content\plugins\elementor\core\base\document.php:878
Stack trace:
#0 C:\xampp1\htdocs\wordpress\wp-content\plugins\astra-sites\inc\importers\batch-processing\class-astra-sites-batch-processing-elementor.php(122): Elementor\Core\Base\Document->get_elements_raw_data(Array, true)
#1 C:\xampp1\htdocs\wordpress\wp-content\plugins\astra-sites\inc\importers\batch-processing\class-astra-sites-batch-processing-elementor.php(66): Elementor\TemplateLibrary\Astra_Sites_Batch_Processing_Elementor->import_single_post(25224)
#2 C:\xampp1\htdocs\wordpress\wp-content\plugins\astra-sites\inc\importers\batch-processing\helpers\class-wp-background-process-astra.php(41): Elementor\TemplateLibrary\Astra_Sites_Batch_Processing_Elementor->import()
#3 C:\xampp1\htdocs\wordpress\wp-content\plugins\woocommerce\includes\libraries\wp-background-process.php(301): WP_Background_Process_Astra->task(Object(Elementor\TemplateLibrary\Astra_Sites_Batch_Processing_Elementor))
#4 C:\xampp1\htdocs\wordpress\wp-content\plugins\woocommerce\includes\libraries\wp-background-process.php(447): WP_Background_Process->handle()
#5 C:\xampp1\htdocs\wordpress\wp-includes\class-wp-hook.php(307): WP_Background_Process->handle_cron_healthcheck()
#6 C:\xampp1\htdocs\wordpress\wp-includes\class-wp-hook.php(331): WP_Hook->apply_filters('', Array)
#7 C:\xampp1\htdocs\wordpress\wp-includes\plugin.php(524): WP_Hook->do_action(Array)
#8 C:\xampp1\htdocs\wordpress\wp-cron.php(138): do_action_ref_array('wp_image_proces...', Array)
#9 {main}
  thrown dans C:\xampp1\htdocs\wordpress\wp-content\plugins\elementor\core\base\document.php à la ligne 878

2022-07-26T09:57:23+00:00 CRITICAL Uncaught Exception: Invalid data: {"data":["Array","Array","Array","Array","Array"],"element":"Array"} in C:\xampp1\htdocs\wordpress\wp-content\plugins\elementor\core\base\document.php:878
Stack trace:
#0 C:\xampp1\htdocs\wordpress\wp-content\plugins\astra-sites\inc\importers\batch-processing\class-astra-sites-batch-processing-elementor.php(122): Elementor\Core\Base\Document->get_elements_raw_data(Array, true)
#1 C:\xampp1\htdocs\wordpress\wp-content\plugins\astra-sites\inc\importers\batch-processing\class-astra-sites-batch-processing-elementor.php(66): Elementor\TemplateLibrary\Astra_Sites_Batch_Processing_Elementor->import_single_post(25224)
#2 C:\xampp1\htdocs\wordpress\wp-content\plugins\astra-sites\inc\importers\batch-processing\helpers\class-wp-background-process-astra.php(41): Elementor\TemplateLibrary\Astra_Sites_Batch_Processing_Elementor->import()
#3 C:\xampp1\htdocs\wordpress\wp-content\plugins\woocommerce\includes\libraries\wp-background-process.php(301): WP_Background_Process_Astra->task(Object(Elementor\TemplateLibrary\Astra_Sites_Batch_Processing_Elementor))
#4 C:\xampp1\htdocs\wordpress\wp-content\plugins\woocommerce\includes\libraries\wp-background-process.php(447): WP_Background_Process->handle()
#5 C:\xampp1\htdocs\wordpress\wp-includes\class-wp-hook.php(307): WP_Background_Process->handle_cron_healthcheck()
#6 C:\xampp1\htdocs\wordpress\wp-includes\class-wp-hook.php(331): WP_Hook->apply_filters('', Array)
#7 C:\xampp1\htdocs\wordpress\wp-includes\plugin.php(524): WP_Hook->do_action(Array)
#8 C:\xampp1\htdocs\wordpress\wp-cron.php(138): do_action_ref_array('wp_image_proces...', Array)
#9 {main}
  thrown dans C:\xampp1\htdocs\wordpress\wp-content\plugins\elementor\core\base\document.php à la ligne 878

2022-07-26T10:00:58+00:00 CRITICAL Uncaught Exception: Invalid data: {"data":["Array","Array","Array","Array","Array"],"element":"Array"} in C:\xampp1\htdocs\wordpress\wp-content\plugins\elementor\core\base\document.php:878
Stack trace:
#0 C:\xampp1\htdocs\wordpress\wp-content\plugins\astra-sites\inc\importers\batch-processing\class-astra-sites-batch-processing-elementor.php(122): Elementor\Core\Base\Document->get_elements_raw_data(Array, true)
#1 C:\xampp1\htdocs\wordpress\wp-content\plugins\astra-sites\inc\importers\batch-processing\class-astra-sites-batch-processing-elementor.php(66): Elementor\TemplateLibrary\Astra_Sites_Batch_Processing_Elementor->import_single_post(25224)
#2 C:\xampp1\htdocs\wordpress\wp-content\plugins\astra-sites\inc\importers\batch-processing\helpers\class-wp-background-process-astra.php(41): Elementor\TemplateLibrary\Astra_Sites_Batch_Processing_Elementor->import()
#3 C:\xampp1\htdocs\wordpress\wp-content\plugins\woocommerce\includes\libraries\wp-background-process.php(301): WP_Background_Process_Astra->task(Object(Elementor\TemplateLibrary\Astra_Sites_Batch_Processing_Elementor))
#4 C:\xampp1\htdocs\wordpress\wp-content\plugins\woocommerce\includes\libraries\wp-background-process.php(175): WP_Background_Process->handle()
#5 C:\xampp1\htdocs\wordpress\wp-includes\class-wp-hook.php(307): WP_Background_Process->maybe_handle('')
#6 C:\xampp1\htdocs\wordpress\wp-includes\class-wp-hook.php(331): WP_Hook->apply_filters('', Array)
#7 C:\xampp1\htdocs\wordpress\wp-includes\plugin.php(476): WP_Hook->do_action(Array)
#8 C:\xampp1\htdocs\wordpress\wp-admin\admin-ajax.php(187): do_action('wp_ajax_wp_imag...')
#9 {main}
  thrown dans C:\xampp1\htdocs\wordpress\wp-content\plugins\elementor\core\base\document.php à la ligne 878

2022-07-26T10:02:26+00:00 CRITICAL Uncaught Exception: Invalid data: {"data":["Array","Array","Array","Array"],"element":"Array"} in C:\xampp1\htdocs\wordpress\wp-content\plugins\elementor\core\base\document.php:878
Stack trace:
#0 C:\xampp1\htdocs\wordpress\wp-content\plugins\astra-sites\inc\importers\batch-processing\class-astra-sites-batch-processing-elementor.php(122): Elementor\Core\Base\Document->get_elements_raw_data(Array, true)
#1 C:\xampp1\htdocs\wordpress\wp-content\plugins\astra-sites\inc\importers\batch-processing\class-astra-sites-batch-processing-elementor.php(66): Elementor\TemplateLibrary\Astra_Sites_Batch_Processing_Elementor->import_single_post(401)
#2 C:\xampp1\htdocs\wordpress\wp-content\plugins\astra-sites\inc\importers\batch-processing\helpers\class-wp-background-process-astra.php(41): Elementor\TemplateLibrary\Astra_Sites_Batch_Processing_Elementor->import()
#3 C:\xampp1\htdocs\wordpress\wp-content\plugins\woocommerce\includes\libraries\wp-background-process.php(301): WP_Background_Process_Astra->task(Object(Elementor\TemplateLibrary\Astra_Sites_Batch_Processing_Elementor))
#4 C:\xampp1\htdocs\wordpress\wp-content\plugins\woocommerce\includes\libraries\wp-background-process.php(447): WP_Background_Process->handle()
#5 C:\xampp1\htdocs\wordpress\wp-includes\class-wp-hook.php(307): WP_Background_Process->handle_cron_healthcheck()
#6 C:\xampp1\htdocs\wordpress\wp-includes\class-wp-hook.php(331): WP_Hook->apply_filters('', Array)
#7 C:\xampp1\htdocs\wordpress\wp-includes\plugin.php(524): WP_Hook->do_action(Array)
#8 C:\xampp1\htdocs\wordpress\wp-cron.php(138): do_action_ref_array('wp_image_proces...', Array)
#9 {main}
  thrown dans C:\xampp1\htdocs\wordpress\wp-content\plugins\elementor\core\base\document.php à la ligne 878

