
Post ID: 310
Post ID: 309
Post ID: 83
Post ID: 84
Post ID: 82
Post ID: 29
---- Processing Images Metadata ----
---- Processing batch process for Customizer start ----
---- Processing batch process for Customizer done ----
---- Processing Images from Widgets -----
---- Processing Contact Form Mapping from Text Widgets -----
---- Processing Contact Form Mapping from WP Forms Widgets -----
---- Processing WordPress Posts / Pages - for "Gutenberg" ----
---- Processing WordPress Posts / Pages - for Elementor ----
---- Processing MISC ----
Post ID: 318
Post ID: 320
Deleted - Post ID 25376 - attachment - school-template-video-thumb-img
Post ID: 314
Post ID: 310
Post ID: 309
Post ID: 83
Post ID: 84
Post ID: 82
Post ID: 29
---- Processing Images Metadata ----
---- Processing batch process for Customizer start ----
---- Processing batch process for Customizer done ----
Deleted - Post ID 25379 - attachment - school-template-hero-img-bg
---- Processing Contact Form Mapping from Text Widgets -----
---- Processing Contact Form Mapping from WP Forms Widgets -----
---- Processing WordPress Posts / Pages - for "Gutenberg" ----
---- Processing WordPress Posts / Pages - for Elementor ----
---- Processing MISC ----
Post ID: 318
Post ID: 320
Post ID: 317
Post ID: 314
Post ID: 310
Post ID: 309
Post ID: 83
Post ID: 84
Post ID: 82
Post ID: 29
---- Processing Images Metadata ----
---- Processing batch process for Customizer start ----
---- Processing batch process for Customizer done ----
---- Processing Images from Widgets -----
---- Processing Contact Form Mapping from Text Widgets -----
---- Processing Contact Form Mapping from WP Forms Widgets -----
---- Processing WordPress Posts / Pages - for "Gutenberg" ----
---- Processing WordPress Posts / Pages - for Elementor ----
---- Processing MISC ----
Post ID: 318
Post ID: 320
Post ID: 317
Post ID: 314
Post ID: 310
Post ID: 309
Post ID: 83
Post ID: 84
Post ID: 82
Post ID: 29
---- Processing Images Metadata ----
---- Processing batch process for Customizer start ----
---- Processing batch process for Customizer done ----
Batch Process Complete!
Inserted - Post 25402 - attachment - long-right-arrow-icon
Inserted - Post 25403 - attachment - school-template-headmaster-img
Inserted - Post 25404 - attachment - logo-2
Inserted - Post 25405 - attachment - school-template-curriculum-img-4
Inserted - Post 461 - attachment - logo-3
Inserted - Post 25408 - attachment - long-right-arrow-icon
Inserted - Post 25410 - attachment - logo-3
Inserted - Post 25411 - attachment - school-template-headmaster-img
Inserted - Post 462 - attachment - logo-5
Inserted - Post 25413 - attachment - logo-2
Inserted - Post 25414 - attachment - logo-5
Inserted - Post 463 - attachment - logo-18
Inserted - Post 25415 - attachment - logo-18
Inserted - Post 25416 - attachment - logo-3
Inserted - Post 25417 - attachment - school-template-headmaster-img
Inserted - Post 464 - attachment - logo-20
Inserted - Post 25418 - elementor_library - Default Kit
Inserted - Post 25420 - attachment - logo-20
Inserted - Post 25419 - page - Home
Inserted - Post 25421 - elementor_library - Default Kit
Inserted - Post 152 - page - About
Inserted - Post 25422 - page - Home
Inserted - Post 153 - page - Academics
Inserted - Post 25423 - page - About
Inserted - Post 154 - page - Activities
Inserted - Post 25426 - page - Academics
Inserted - Post 155 - page - Contact
Inserted - Post 25427 - page - Activities
Inserted - Post 161 - nav_menu_item - 
Inserted - Post 162 - nav_menu_item - 
Inserted - Post 25428 - page - Contact
Inserted - Post 163 - nav_menu_item - 
Inserted - Post 25429 - nav_menu_item - 
Inserted - Post 25430 - nav_menu_item - 
Inserted - Post 25431 - nav_menu_item - 
Inserted - Post 165 - nav_menu_item - 
Inserted - Post 25432 - nav_menu_item - 
Inserted - Post 25433 - nav_menu_item - 
Inserted - Post 25434 - nav_menu_item - 
Inserted - Post 25435 - attachment - logo-2
Inserted - Post 25436 - attachment - logo-18
Inserted - Post 465 - attachment - logo-21
Inserted - Post 25437 - attachment - logo-21
Inserted - Post 25438 - attachment - logo-20
Inserted - Post 25439 - elementor_library - Default Kit
Inserted - Post 25440 - page - Home
Inserted - Post 25441 - page - About
Inserted - Post 25442 - page - Academics
Inserted - Post 25443 - page - Activities
Inserted - Post 25444 - page - Contact
Inserted - Post 25445 - nav_menu_item - 
Inserted - Post 25446 - nav_menu_item - 
Inserted - Post 25447 - nav_menu_item - 
Inserted - Post 25448 - nav_menu_item - 
Inserted - Post 25449 - nav_menu_item - 
Inserted - Post 466 - attachment - logo-22
Inserted - Post 25450 - attachment - logo-22
Inserted - Post 485 - attachment - school-template-activities-img-3
Inserted - Post 25451 - attachment - school-template-activities-img-3
Inserted - Post 486 - attachment - school-template-activities-img-1
Inserted - Post 25452 - attachment - school-template-activities-img-1
Inserted - Post 25453 - attachment - logo-3
Inserted - Post 25454 - attachment - logo-5
Inserted - Post 25455 - attachment - logo-21
Inserted - Post 487 - attachment - school-template-activities-img-2
Inserted - Post 25456 - attachment - school-template-activities-img-2
Inserted - Post 25457 - attachment - logo-22
Inserted - Post 609 - attachment - social-img
Inserted - Post 25458 - attachment - school-template-activities-img-3
Inserted - Post 25459 - attachment - social-img
Inserted - Post 25460 - attachment - logo-18
Inserted - Post 25461 - attachment - logo-20
Inserted - Post 25462 - elementor_library - Default Kit
Inserted - Post 25463 - page - Home
Inserted - Post 25464 - page - About
Inserted - Post 25465 - page - Academics
Inserted - Post 25466 - page - Activities
Inserted - Post 25467 - page - Contact
Inserted - Post 25468 - nav_menu_item - 
Inserted - Post 25469 - nav_menu_item - 
Inserted - Post 25470 - nav_menu_item - 
Inserted - Post 25471 - nav_menu_item - 
Inserted - Post 25472 - nav_menu_item - 
Inserted - Post 25473 - attachment - school-template-activities-img-1
Inserted - Post 25474 - attachment - logo-21